2023-09-22 03:47:00:785 [Appium] Welcome to Appium v2.1.3
2023-09-22 03:47:00:787 [Appium] Non-default server args:
2023-09-22 03:47:00:789 [Appium] { address: '127.0.0.1' }
2023-09-22 03:47:00:789 [Appium] Attempting to load driver uiautomator2...
2023-09-22 03:47:00:791 [Appium] Requiring driver at C:\Users\quy.buithi\.appium\node_modules\appium-uiautomator2-driver
2023-09-22 03:47:02:371 uncaughtException: EPIPE: broken pipe, write
Error: EPIPE: broken pipe, write
    at Socket._write (node:internal/net:61:25)
    at writeOrBuffer (node:internal/streams/writable:392:12)
    at _write (node:internal/streams/writable:333:10)
    at Socket.Writable.write (node:internal/streams/writable:337:10)
    at Console.log (C:\Users\quy.buithi\AppData\Roaming\npm\node_modules\appium\node_modules\winston\lib\winston\transports\console.js:79:23)
    at Console._write (C:\Users\quy.buithi\AppData\Roaming\npm\node_modules\appium\node_modules\winston-transport\index.js:103:17)
    at doWrite (C:\Users\quy.buithi\AppData\Roaming\npm\node_modules\appium\node_modules\readable-stream\lib\_stream_writable.js:390:139)
    at writeOrBuffer (C:\Users\quy.buithi\AppData\Roaming\npm\node_modules\appium\node_modules\readable-stream\lib\_stream_writable.js:381:5)
    at Console.Writable.write (C:\Users\quy.buithi\AppData\Roaming\npm\node_modules\appium\node_modules\readable-stream\lib\_stream_writable.js:302:11)
    at DerivedLogger.ondata (C:\Users\quy.buithi\AppData\Roaming\npm\node_modules\appium\node_modules\readable-stream\lib\_stream_readable.js:629:20)
    at DerivedLogger.emit (node:events:525:35)
    at addChunk (C:\Users\quy.buithi\AppData\Roaming\npm\node_modules\appium\node_modules\readable-stream\lib\_stream_readable.js:279:12)
    at readableAddChunk (C:\Users\quy.buithi\AppData\Roaming\npm\node_modules\appium\node_modules\readable-stream\lib\_stream_readable.js:262:11)
    at DerivedLogger.Readable.push (C:\Users\quy.buithi\AppData\Roaming\npm\node_modules\appium\node_modules\readable-stream\lib\_stream_readable.js:228:10)
    at DerivedLogger.Transform.push (C:\Users\quy.buithi\AppData\Roaming\npm\node_modules\appium\node_modules\readable-stream\lib\_stream_transform.js:132:32)
    at DerivedLogger._transform (C:\Users\quy.buithi\AppData\Roaming\npm\node_modules\appium\node_modules\winston\lib\winston\logger.js:313:12)
2023-09-22 03:47:02:372 uncaughtException: EPIPE: broken pipe, write
Error: EPIPE: broken pipe, write
    at Socket._write (node:internal/net:61:25)
    at writeOrBuffer (node:internal/streams/writable:392:12)
    at _write (node:internal/streams/writable:333:10)
    at Socket.Writable.write (node:internal/streams/writable:337:10)
    at Console.log (C:\Users\quy.buithi\AppData\Roaming\npm\node_modules\appium\node_modules\winston\lib\winston\transports\console.js:51:25)
    at Console._write (C:\Users\quy.buithi\AppData\Roaming\npm\node_modules\appium\node_modules\winston-transport\index.js:103:17)
    at doWrite (C:\Users\quy.buithi\AppData\Roaming\npm\node_modules\appium\node_modules\readable-stream\lib\_stream_writable.js:390:139)
    at writeOrBuffer (C:\Users\quy.buithi\AppData\Roaming\npm\node_modules\appium\node_modules\readable-stream\lib\_stream_writable.js:381:5)
    at Console.Writable.write (C:\Users\quy.buithi\AppData\Roaming\npm\node_modules\appium\node_modules\readable-stream\lib\_stream_writable.js:302:11)
    at DerivedLogger.ondata (C:\Users\quy.buithi\AppData\Roaming\npm\node_modules\appium\node_modules\readable-stream\lib\_stream_readable.js:629:20)
    at DerivedLogger.emit (node:events:525:35)
    at addChunk (C:\Users\quy.buithi\AppData\Roaming\npm\node_modules\appium\node_modules\readable-stream\lib\_stream_readable.js:279:12)
    at readableAddChunk (C:\Users\quy.buithi\AppData\Roaming\npm\node_modules\appium\node_modules\readable-stream\lib\_stream_readable.js:262:11)
    at DerivedLogger.Readable.push (C:\Users\quy.buithi\AppData\Roaming\npm\node_modules\appium\node_modules\readable-stream\lib\_stream_readable.js:228:10)
    at DerivedLogger.Transform.push (C:\Users\quy.buithi\AppData\Roaming\npm\node_modules\appium\node_modules\readable-stream\lib\_stream_transform.js:132:32)
    at DerivedLogger._transform (C:\Users\quy.buithi\AppData\Roaming\npm\node_modules\appium\node_modules\winston\lib\winston\logger.js:313:12)
    at DerivedLogger.Transform._read (C:\Users\quy.buithi\AppData\Roaming\npm\node_modules\appium\node_modules\readable-stream\lib\_stream_transform.js:166:10)
    at DerivedLogger.Transform._write (C:\Users\quy.buithi\AppData\Roaming\npm\node_modules\appium\node_modules\readable-stream\lib\_stream_transform.js:155:83)
    at doWrite (C:\Users\quy.buithi\AppData\Roaming\npm\node_modules\appium\node_modules\readable-stream\lib\_stream_writable.js:390:139)
    at writeOrBuffer (C:\Users\quy.buithi\AppData\Roaming\npm\node_modules\appium\node_modules\readable-stream\lib\_stream_writable.js:381:5)
    at DerivedLogger.Writable.write (C:\Users\quy.buithi\AppData\Roaming\npm\node_modules\appium\node_modules\readable-stream\lib\_stream_writable.js:302:11)
    at DerivedLogger.log (C:\Users\quy.buithi\AppData\Roaming\npm\node_modules\appium\node_modules\winston\lib\winston\logger.js:216:12)
2023-09-22 03:47:02:373 uncaughtException: EPIPE: broken pipe, write
Error: EPIPE: broken pipe, write
    at Socket._write (node:internal/net:61:25)
    at writeOrBuffer (node:internal/streams/writable:392:12)
    at _write (node:internal/streams/writable:333:10)
    at Socket.Writable.write (node:internal/streams/writable:337:10)
    at Console.log (C:\Users\quy.buithi\AppData\Roaming\npm\node_modules\appium\node_modules\winston\lib\winston\transports\console.js:51:25)
    at Console._write (C:\Users\quy.buithi\AppData\Roaming\npm\node_modules\appium\node_modules\winston-transport\index.js:103:17)
    at doWrite (C:\Users\quy.buithi\AppData\Roaming\npm\node_modules\appium\node_modules\readable-stream\lib\_stream_writable.js:390:139)
    at writeOrBuffer (C:\Users\quy.buithi\AppData\Roaming\npm\node_modules\appium\node_modules\readable-stream\lib\_stream_writable.js:381:5)
    at Console.Writable.write (C:\Users\quy.buithi\AppData\Roaming\npm\node_modules\appium\node_modules\readable-stream\lib\_stream_writable.js:302:11)
    at DerivedLogger.ondata (C:\Users\quy.buithi\AppData\Roaming\npm\node_modules\appium\node_modules\readable-stream\lib\_stream_readable.js:629:20)
    at DerivedLogger.emit (node:events:525:35)
    at addChunk (C:\Users\quy.buithi\AppData\Roaming\npm\node_modules\appium\node_modules\readable-stream\lib\_stream_readable.js:279:12)
    at readableAddChunk (C:\Users\quy.buithi\AppData\Roaming\npm\node_modules\appium\node_modules\readable-stream\lib\_stream_readable.js:262:11)
    at DerivedLogger.Readable.push (C:\Users\quy.buithi\AppData\Roaming\npm\node_modules\appium\node_modules\readable-stream\lib\_stream_readable.js:228:10)
    at DerivedLogger.Transform.push (C:\Users\quy.buithi\AppData\Roaming\npm\node_modules\appium\node_modules\readable-stream\lib\_stream_transform.js:132:32)
    at DerivedLogger._transform (C:\Users\quy.buithi\AppData\Roaming\npm\node_modules\appium\node_modules\winston\lib\winston\logger.js:313:12)
    at DerivedLogger.Transform._read (C:\Users\quy.buithi\AppData\Roaming\npm\node_modules\appium\node_modules\readable-stream\lib\_stream_transform.js:166:10)
    at DerivedLogger.Transform._write (C:\Users\quy.buithi\AppData\Roaming\npm\node_modules\appium\node_modules\readable-stream\lib\_stream_transform.js:155:83)
    at doWrite (C:\Users\quy.buithi\AppData\Roaming\npm\node_modules\appium\node_modules\readable-stream\lib\_stream_writable.js:390:139)
    at writeOrBuffer (C:\Users\quy.buithi\AppData\Roaming\npm\node_modules\appium\node_modules\readable-stream\lib\_stream_writable.js:381:5)
    at DerivedLogger.Writable.write (C:\Users\quy.buithi\AppData\Roaming\npm\node_modules\appium\node_modules\readable-stream\lib\_stream_writable.js:302:11)
    at DerivedLogger.log (C:\Users\quy.buithi\AppData\Roaming\npm\node_modules\appium\node_modules\winston\lib\winston\logger.js:216:12)
2023-09-22 03:47:02:374 uncaughtException: EPIPE: broken pipe, write
Error: EPIPE: broken pipe, write
    at Socket._write (node:internal/net:61:25)
    at writeOrBuffer (node:internal/streams/writable:392:12)
    at _write (node:internal/streams/writable:333:10)
    at Socket.Writable.write (node:internal/streams/writable:337:10)
    at Console.log (C:\Users\quy.buithi\AppData\Roaming\npm\node_modules\appium\node_modules\winston\lib\winston\transports\console.js:51:25)
    at Console._write (C:\Users\quy.buithi\AppData\Roaming\npm\node_modules\appium\node_modules\winston-transport\index.js:103:17)
    at doWrite (C:\Users\quy.buithi\AppData\Roaming\npm\node_modules\appium\node_modules\readable-stream\lib\_stream_writable.js:390:139)
    at writeOrBuffer (C:\Users\quy.buithi\AppData\Roaming\npm\node_modules\appium\node_modules\readable-stream\lib\_stream_writable.js:381:5)
    at Console.Writable.write (C:\Users\quy.buithi\AppData\Roaming\npm\node_modules\appium\node_modules\readable-stream\lib\_stream_writable.js:302:11)
    at DerivedLogger.ondata (C:\Users\quy.buithi\AppData\Roaming\npm\node_modules\appium\node_modules\readable-stream\lib\_stream_readable.js:629:20)
    at DerivedLogger.emit (node:events:525:35)
    at addChunk (C:\Users\quy.buithi\AppData\Roaming\npm\node_modules\appium\node_modules\readable-stream\lib\_stream_readable.js:279:12)
    at readableAddChunk (C:\Users\quy.buithi\AppData\Roaming\npm\node_modules\appium\node_modules\readable-stream\lib\_stream_readable.js:262:11)
    at DerivedLogger.Readable.push (C:\Users\quy.buithi\AppData\Roaming\npm\node_modules\appium\node_modules\readable-stream\lib\_stream_readable.js:228:10)
    at DerivedLogger.Transform.push (C:\Users\quy.buithi\AppData\Roaming\npm\node_modules\appium\node_modules\readable-stream\lib\_stream_transform.js:132:32)
    at DerivedLogger._transform (C:\Users\quy.buithi\AppData\Roaming\npm\node_modules\appium\node_modules\winston\lib\winston\logger.js:313:12)
    at DerivedLogger.Transform._read (C:\Users\quy.buithi\AppData\Roaming\npm\node_modules\appium\node_modules\readable-stream\lib\_stream_transform.js:166:10)
    at DerivedLogger.Transform._write (C:\Users\quy.buithi\AppData\Roaming\npm\node_modules\appium\node_modules\readable-stream\lib\_stream_transform.js:155:83)
    at doWrite (C:\Users\quy.buithi\AppData\Roaming\npm\node_modules\appium\node_modules\readable-stream\lib\_stream_writable.js:390:139)
    at writeOrBuffer (C:\Users\quy.buithi\AppData\Roaming\npm\node_modules\appium\node_modules\readable-stream\lib\_stream_writable.js:381:5)
    at DerivedLogger.Writable.write (C:\Users\quy.buithi\AppData\Roaming\npm\node_modules\appium\node_modules\readable-stream\lib\_stream_writable.js:302:11)
    at DerivedLogger.log (C:\Users\quy.buithi\AppData\Roaming\npm\node_modules\appium\node_modules\winston\lib\winston\logger.js:216:12)
2023-09-22 03:47:02:375 uncaughtException: EPIPE: broken pipe, write
Error: EPIPE: broken pipe, write
    at Socket._write (node:internal/net:61:25)
    at writeOrBuffer (node:internal/streams/writable:392:12)
    at _write (node:internal/streams/writable:333:10)
    at Socket.Writable.write (node:internal/streams/writable:337:10)
    at Console.log (C:\Users\quy.buithi\AppData\Roaming\npm\node_modules\appium\node_modules\winston\lib\winston\transports\console.js:51:25)
    at Console._write (C:\Users\quy.buithi\AppData\Roaming\npm\node_modules\appium\node_modules\winston-transport\index.js:103:17)
    at doWrite (C:\Users\quy.buithi\AppData\Roaming\npm\node_modules\appium\node_modules\readable-stream\lib\_stream_writable.js:390:139)
    at writeOrBuffer (C:\Users\quy.buithi\AppData\Roaming\npm\node_modules\appium\node_modules\readable-stream\lib\_stream_writable.js:381:5)
    at Console.Writable.write (C:\Users\quy.buithi\AppData\Roaming\npm\node_modules\appium\node_modules\readable-stream\lib\_stream_writable.js:302:11)
    at DerivedLogger.ondata (C:\Users\quy.buithi\AppData\Roaming\npm\node_modules\appium\node_modules\readable-stream\lib\_stream_readable.js:629:20)
    at DerivedLogger.emit (node:events:525:35)
    at addChunk (C:\Users\quy.buithi\AppData\Roaming\npm\node_modules\appium\node_modules\readable-stream\lib\_stream_readable.js:279:12)
    at readableAddChunk (C:\Users\quy.buithi\AppData\Roaming\npm\node_modules\appium\node_modules\readable-stream\lib\_stream_readable.js:262:11)
    at DerivedLogger.Readable.push (C:\Users\quy.buithi\AppData\Roaming\npm\node_modules\appium\node_modules\readable-stream\lib\_stream_readable.js:228:10)
    at DerivedLogger.Transform.push (C:\Users\quy.buithi\AppData\Roaming\npm\node_modules\appium\node_modules\readable-stream\lib\_stream_transform.js:132:32)
    at DerivedLogger._transform (C:\Users\quy.buithi\AppData\Roaming\npm\node_modules\appium\node_modules\winston\lib\winston\logger.js:313:12)
    at DerivedLogger.Transform._read (C:\Users\quy.buithi\AppData\Roaming\npm\node_modules\appium\node_modules\readable-stream\lib\_stream_transform.js:166:10)
    at DerivedLogger.Transform._write (C:\Users\quy.buithi\AppData\Roaming\npm\node_modules\appium\node_modules\readable-stream\lib\_stream_transform.js:155:83)
    at doWrite (C:\Users\quy.buithi\AppData\Roaming\npm\node_modules\appium\node_modules\readable-stream\lib\_stream_writable.js:390:139)
    at writeOrBuffer (C:\Users\quy.buithi\AppData\Roaming\npm\node_modules\appium\node_modules\readable-stream\lib\_stream_writable.js:381:5)
    at DerivedLogger.Writable.write (C:\Users\quy.buithi\AppData\Roaming\npm\node_modules\appium\node_modules\readable-stream\lib\_stream_writable.js:302:11)
    at DerivedLogger.log (C:\Users\quy.buithi\AppData\Roaming\npm\node_modules\appium\node_modules\winston\lib\winston\logger.js:216:12)
2023-09-22 03:47:02:375 uncaughtException: EPIPE: broken pipe, write
Error: EPIPE: broken pipe, write
    at Socket._write (node:internal/net:61:25)
    at writeOrBuffer (node:internal/streams/writable:392:12)
    at _write (node:internal/streams/writable:333:10)
    at Socket.Writable.write (node:internal/streams/writable:337:10)
    at Console.log (C:\Users\quy.buithi\AppData\Roaming\npm\node_modules\appium\node_modules\winston\lib\winston\transports\console.js:51:25)
    at Console._write (C:\Users\quy.buithi\AppData\Roaming\npm\node_modules\appium\node_modules\winston-transport\index.js:103:17)
    at doWrite (C:\Users\quy.buithi\AppData\Roaming\npm\node_modules\appium\node_modules\readable-stream\lib\_stream_writable.js:390:139)
    at writeOrBuffer (C:\Users\quy.buithi\AppData\Roaming\npm\node_modules\appium\node_modules\readable-stream\lib\_stream_writable.js:381:5)
    at Console.Writable.write (C:\Users\quy.buithi\AppData\Roaming\npm\node_modules\appium\node_modules\readable-stream\lib\_stream_writable.js:302:11)
    at DerivedLogger.ondata (C:\Users\quy.buithi\AppData\Roaming\npm\node_modules\appium\node_modules\readable-stream\lib\_stream_readable.js:629:20)
    at DerivedLogger.emit (node:events:525:35)
    at addChunk (C:\Users\quy.buithi\AppData\Roaming\npm\node_modules\appium\node_modules\readable-stream\lib\_stream_readable.js:279:12)
    at readableAddChunk (C:\Users\quy.buithi\AppData\Roaming\npm\node_modules\appium\node_modules\readable-stream\lib\_stream_readable.js:262:11)
    at DerivedLogger.Readable.push (C:\Users\quy.buithi\AppData\Roaming\npm\node_modules\appium\node_modules\readable-stream\lib\_stream_readable.js:228:10)
    at DerivedLogger.Transform.push (C:\Users\quy.buithi\AppData\Roaming\npm\node_modules\appium\node_modules\readable-stream\lib\_stream_transform.js:132:32)
    at DerivedLogger._transform (C:\Users\quy.buithi\AppData\Roaming\npm\node_modules\appium\node_modules\winston\lib\winston\logger.js:313:12)
    at DerivedLogger.Transform._read (C:\Users\quy.buithi\AppData\Roaming\npm\node_modules\appium\node_modules\readable-stream\lib\_stream_transform.js:166:10)
    at DerivedLogger.Transform._write (C:\Users\quy.buithi\AppData\Roaming\npm\node_modules\appium\node_modules\readable-stream\lib\_stream_transform.js:155:83)
    at doWrite (C:\Users\quy.buithi\AppData\Roaming\npm\node_modules\appium\node_modules\readable-stream\lib\_stream_writable.js:390:139)
    at writeOrBuffer (C:\Users\quy.buithi\AppData\Roaming\npm\node_modules\appium\node_modules\readable-stream\lib\_stream_writable.js:381:5)
    at DerivedLogger.Writable.write (C:\Users\quy.buithi\AppData\Roaming\npm\node_modules\appium\node_modules\readable-stream\lib\_stream_writable.js:302:11)
    at DerivedLogger.log (C:\Users\quy.buithi\AppData\Roaming\npm\node_modules\appium\node_modules\winston\lib\winston\logger.js:216:12)
2023-09-22 03:47:02:376 uncaughtException: EPIPE: broken pipe, write
Error: EPIPE: broken pipe, write
    at Socket._write (node:internal/net:61:25)
    at writeOrBuffer (node:internal/streams/writable:392:12)
    at _write (node:internal/streams/writable:333:10)
    at Socket.Writable.write (node:internal/streams/writable:337:10)
    at Console.log (C:\Users\quy.buithi\AppData\Roaming\npm\node_modules\appium\node_modules\winston\lib\winston\transports\console.js:51:25)
    at Console._write (C:\Users\quy.buithi\AppData\Roaming\npm\node_modules\appium\node_modules\winston-transport\index.js:103:17)
    at doWrite (C:\Users\quy.buithi\AppData\Roaming\npm\node_modules\appium\node_modules\readable-stream\lib\_stream_writable.js:390:139)
    at writeOrBuffer (C:\Users\quy.buithi\AppData\Roaming\npm\node_modules\appium\node_modules\readable-stream\lib\_stream_writable.js:381:5)
    at Console.Writable.write (C:\Users\quy.buithi\AppData\Roaming\npm\node_modules\appium\node_modules\readable-stream\lib\_stream_writable.js:302:11)
    at DerivedLogger.ondata (C:\Users\quy.buithi\AppData\Roaming\npm\node_modules\appium\node_modules\readable-stream\lib\_stream_readable.js:629:20)
    at DerivedLogger.emit (node:events:525:35)
    at addChunk (C:\Users\quy.buithi\AppData\Roaming\npm\node_modules\appium\node_modules\readable-stream\lib\_stream_readable.js:279:12)
    at readableAddChunk (C:\Users\quy.buithi\AppData\Roaming\npm\node_modules\appium\node_modules\readable-stream\lib\_stream_readable.js:262:11)
    at DerivedLogger.Readable.push (C:\Users\quy.buithi\AppData\Roaming\npm\node_modules\appium\node_modules\readable-stream\lib\_stream_readable.js:228:10)
    at DerivedLogger.Transform.push (C:\Users\quy.buithi\AppData\Roaming\npm\node_modules\appium\node_modules\readable-stream\lib\_stream_transform.js:132:32)
    at DerivedLogger._transform (C:\Users\quy.buithi\AppData\Roaming\npm\node_modules\appium\node_modules\winston\lib\winston\logger.js:313:12)
    at DerivedLogger.Transform._read (C:\Users\quy.buithi\AppData\Roaming\npm\node_modules\appium\node_modules\readable-stream\lib\_stream_transform.js:166:10)
    at DerivedLogger.Transform._write (C:\Users\quy.buithi\AppData\Roaming\npm\node_modules\appium\node_modules\readable-stream\lib\_stream_transform.js:155:83)
    at doWrite (C:\Users\quy.buithi\AppData\Roaming\npm\node_modules\appium\node_modules\readable-stream\lib\_stream_writable.js:390:139)
    at writeOrBuffer (C:\Users\quy.buithi\AppData\Roaming\npm\node_modules\appium\node_modules\readable-stream\lib\_stream_writable.js:381:5)
    at DerivedLogger.Writable.write (C:\Users\quy.buithi\AppData\Roaming\npm\node_modules\appium\node_modules\readable-stream\lib\_stream_writable.js:302:11)
    at DerivedLogger.log (C:\Users\quy.buithi\AppData\Roaming\npm\node_modules\appium\node_modules\winston\lib\winston\logger.js:216:12)
2023-09-22 03:47:02:377 uncaughtException: EPIPE: broken pipe, write
Error: EPIPE: broken pipe, write
    at Socket._write (node:internal/net:61:25)
    at writeOrBuffer (node:internal/streams/writable:392:12)
    at _write (node:internal/streams/writable:333:10)
    at Socket.Writable.write (node:internal/streams/writable:337:10)
    at Console.log (C:\Users\quy.buithi\AppData\Roaming\npm\node_modules\appium\node_modules\winston\lib\winston\transports\console.js:51:25)
    at Console._write (C:\Users\quy.buithi\AppData\Roaming\npm\node_modules\appium\node_modules\winston-transport\index.js:103:17)
    at doWrite (C:\Users\quy.buithi\AppData\Roaming\npm\node_modules\appium\node_modules\readable-stream\lib\_stream_writable.js:390:139)
    at writeOrBuffer (C:\Users\quy.buithi\AppData\Roaming\npm\node_modules\appium\node_modules\readable-stream\lib\_stream_writable.js:381:5)
    at Console.Writable.write (C:\Users\quy.buithi\AppData\Roaming\npm\node_modules\appium\node_modules\readable-stream\lib\_stream_writable.js:302:11)
    at DerivedLogger.ondata (C:\Users\quy.buithi\AppData\Roaming\npm\node_modules\appium\node_modules\readable-stream\lib\_stream_readable.js:629:20)
    at DerivedLogger.emit (node:events:525:35)
    at addChunk (C:\Users\quy.buithi\AppData\Roaming\npm\node_modules\appium\node_modules\readable-stream\lib\_stream_readable.js:279:12)
    at readableAddChunk (C:\Users\quy.buithi\AppData\Roaming\npm\node_modules\appium\node_modules\readable-stream\lib\_stream_readable.js:262:11)
    at DerivedLogger.Readable.push (C:\Users\quy.buithi\AppData\Roaming\npm\node_modules\appium\node_modules\readable-stream\lib\_stream_readable.js:228:10)
    at DerivedLogger.Transform.push (C:\Users\quy.buithi\AppData\Roaming\npm\node_modules\appium\node_modules\readable-stream\lib\_stream_transform.js:132:32)
    at DerivedLogger._transform (C:\Users\quy.buithi\AppData\Roaming\npm\node_modules\appium\node_modules\winston\lib\winston\logger.js:313:12)
    at DerivedLogger.Transform._read (C:\Users\quy.buithi\AppData\Roaming\npm\node_modules\appium\node_modules\readable-stream\lib\_stream_transform.js:166:10)
    at DerivedLogger.Transform._write (C:\Users\quy.buithi\AppData\Roaming\npm\node_modules\appium\node_modules\readable-stream\lib\_stream_transform.js:155:83)
    at doWrite (C:\Users\quy.buithi\AppData\Roaming\npm\node_modules\appium\node_modules\readable-stream\lib\_stream_writable.js:390:139)
    at writeOrBuffer (C:\Users\quy.buithi\AppData\Roaming\npm\node_modules\appium\node_modules\readable-stream\lib\_stream_writable.js:381:5)
    at DerivedLogger.Writable.write (C:\Users\quy.buithi\AppData\Roaming\npm\node_modules\appium\node_modules\readable-stream\lib\_stream_writable.js:302:11)
    at DerivedLogger.log (C:\Users\quy.buithi\AppData\Roaming\npm\node_modules\appium\node_modules\winston\lib\winston\logger.js:216:12)
